{"synthetic": false,
 "outputs":
 {"o": ["15809783936303776732"],
  "i": "15119005170991778229",
  "c": "6573970246756121259"},
 "log":
 [{"message":
   ".> LEAN_PATH=C:\\Users\\Home\\Buchberger\\.lake\\packages\\batteries\\.lake\\build\\lib\\lean;C:\\Users\\Home\\Buchberger\\.lake\\packages\\Qq\\.lake\\build\\lib\\lean;C:\\Users\\Home\\Buchberger\\.lake\\packages\\aesop\\.lake\\build\\lib\\lean;C:\\Users\\Home\\Buchberger\\.lake\\packages\\proofwidgets\\.lake\\build\\lib\\lean;C:\\Users\\Home\\Buchberger\\.lake\\packages\\importGraph\\.lake\\build\\lib\\lean;C:\\Users\\Home\\Buchberger\\.lake\\packages\\LeanSearchClient\\.lake\\build\\lib\\lean;C:\\Users\\Home\\Buchberger\\.lake\\packages\\plausible\\.lake\\build\\lib\\lean;C:\\Users\\Home\\Buchberger\\.lake\\packages\\MD4Lean\\.lake\\build\\lib\\lean;C:\\Users\\Home\\Buchberger\\.lake\\packages\\BibtexQuery\\.lake\\build\\lib\\lean;C:\\Users\\Home\\Buchberger\\.lake\\packages\\UnicodeBasic\\.lake\\build\\lib\\lean;C:\\Users\\Home\\Buchberger\\.lake\\packages\\Cli\\.lake\\build\\lib\\lean;C:\\Users\\Home\\Buchberger\\.lake\\packages\\mathlib\\.lake\\build\\lib\\lean;C:\\Users\\Home\\Buchberger\\.lake\\packages\\checkdecls\\.lake\\build\\lib\\lean;C:\\Users\\Home\\Buchberger\\.lake\\packages\\doc-gen4\\.lake\\build\\lib\\lean;C:\\Users\\Home\\Buchberger\\.lake\\build\\lib\\lean c:\\Users\\Home\\.elan\\toolchains\\leanprover--lean4---v4.22.0-rc3\\bin\\lean.exe C:\\Users\\Home\\Buchberger\\Buchberger\\MonomialIdeal.lean -o C:\\Users\\Home\\Buchberger\\.lake\\build\\lib\\lean\\Buchberger\\MonomialIdeal.olean -i C:\\Users\\Home\\Buchberger\\.lake\\build\\lib\\lean\\Buchberger\\MonomialIdeal.ilean -c C:\\Users\\Home\\Buchberger\\.lake\\build\\ir\\Buchberger\\MonomialIdeal.c --setup C:\\Users\\Home\\Buchberger\\.lake\\build\\ir\\Buchberger\\MonomialIdeal.setup.json --json",
   "level": "trace"}],
 "inputs":
 [["Buchberger.MonomialIdeal:deps",
   [["deps",
     [["Buchberger/Buchberger:extraDep", [["@Buchberger:extraDep", "1723"]]],
      ["import oleans",
       [["Mathlib.Algebra.MvPolynomial.Division:olean",
         [["Mathlib.Algebra.MvPolynomial.Division:deps",
           "12414659762484466729"],
          ["C:\\Users\\Home\\Buchberger\\.lake\\packages\\mathlib\\.lake\\build\\lib\\lean\\Mathlib\\Algebra\\MvPolynomial\\Division.olean",
           "8954245143355455828"]]],
        ["Mathlib.RingTheory.MvPolynomial.Ideal:olean",
         [["Mathlib.RingTheory.MvPolynomial.Ideal:deps", "3941900497502365345"],
          ["C:\\Users\\Home\\Buchberger\\.lake\\packages\\mathlib\\.lake\\build\\lib\\lean\\Mathlib\\RingTheory\\MvPolynomial\\Ideal.olean",
           "3982181621382471678"]]],
        ["Mathlib.RingTheory.MvPolynomial.MonomialOrder:olean",
         [["Mathlib.RingTheory.MvPolynomial.MonomialOrder:deps",
           "16130660763935402111"],
          ["C:\\Users\\Home\\Buchberger\\.lake\\packages\\mathlib\\.lake\\build\\lib\\lean\\Mathlib\\RingTheory\\MvPolynomial\\MonomialOrder.olean",
           "17675467053044970624"]]],
        ["Mathlib.RingTheory.Finiteness.Defs:olean",
         [["Mathlib.RingTheory.Finiteness.Defs:deps", "6470229274009027100"],
          ["C:\\Users\\Home\\Buchberger\\.lake\\packages\\mathlib\\.lake\\build\\lib\\lean\\Mathlib\\RingTheory\\Finiteness\\Defs.olean",
           "10057669322172516993"]]],
        ["Mathlib.Order.Basic:olean",
         [["Mathlib.Order.Basic:deps", "2722599883172086701"],
          ["C:\\Users\\Home\\Buchberger\\.lake\\packages\\mathlib\\.lake\\build\\lib\\lean\\Mathlib\\Order\\Basic.olean",
           "2458039978951493609"]]],
        ["Mathlib.Data.Fin.SuccPred:olean",
         [["Mathlib.Data.Fin.SuccPred:deps", "17021180124785263700"],
          ["C:\\Users\\Home\\Buchberger\\.lake\\packages\\mathlib\\.lake\\build\\lib\\lean\\Mathlib\\Data\\Fin\\SuccPred.olean",
           "12812521328635178590"]]],
        ["Mathlib.Order.Fin.Tuple:olean",
         [["Mathlib.Order.Fin.Tuple:deps", "7365158450311098747"],
          ["C:\\Users\\Home\\Buchberger\\.lake\\packages\\mathlib\\.lake\\build\\lib\\lean\\Mathlib\\Order\\Fin\\Tuple.olean",
           "16791021558734354920"]]],
        ["Mathlib.Data.Finsupp.PWO:olean",
         [["Mathlib.Data.Finsupp.PWO:deps", "17243901997228099609"],
          ["C:\\Users\\Home\\Buchberger\\.lake\\packages\\mathlib\\.lake\\build\\lib\\lean\\Mathlib\\Data\\Finsupp\\PWO.olean",
           "8733560808636499205"]]],
        ["Buchberger.Order:olean",
         [["Buchberger.Order:deps", "9336856654095719927"],
          ["C:\\Users\\Home\\Buchberger\\.lake\\build\\lib\\lean\\Buchberger\\Order.olean",
           "15298377542803545862"]]]]]]],
    ["libs",
     [["import dynlibs", "1723"],
      ["package external libraries", "1723"],
      ["module dynlibs", "1723"],
      ["module plugins", "1723"]]]]],
  ["Lean 4.22.0, commit 7c3ca70e29a0806bd4bfc62eae7084bbaf1a303d",
   "9260997535251950019"],
  ["C:\\Users\\Home\\Buchberger\\Buchberger\\MonomialIdeal.lean",
   "11377697583471356316"],
  ["options",
   [["-Dpp.unicode.fun=true", "11210593074386665387"],
    ["-DautoImplicit=false", "5369888039164004816"]]],
  ["Module.leanArgs: #[]", "1723"]],
 "depHash": "9830461411728319864"}