{"synthetic": false,
 "outputs":
 {"o": ["15298377542803545862"],
  "i": "11959772176704912067",
  "c": "23563318956548692"},
 "log":
 [{"message":
   ".> LEAN_PATH=C:\\Users\\Home\\Buchberger\\.lake\\packages\\batteries\\.lake\\build\\lib\\lean;C:\\Users\\Home\\Buchberger\\.lake\\packages\\Qq\\.lake\\build\\lib\\lean;C:\\Users\\Home\\Buchberger\\.lake\\packages\\aesop\\.lake\\build\\lib\\lean;C:\\Users\\Home\\Buchberger\\.lake\\packages\\proofwidgets\\.lake\\build\\lib\\lean;C:\\Users\\Home\\Buchberger\\.lake\\packages\\importGraph\\.lake\\build\\lib\\lean;C:\\Users\\Home\\Buchberger\\.lake\\packages\\LeanSearchClient\\.lake\\build\\lib\\lean;C:\\Users\\Home\\Buchberger\\.lake\\packages\\plausible\\.lake\\build\\lib\\lean;C:\\Users\\Home\\Buchberger\\.lake\\packages\\MD4Lean\\.lake\\build\\lib\\lean;C:\\Users\\Home\\Buchberger\\.lake\\packages\\BibtexQuery\\.lake\\build\\lib\\lean;C:\\Users\\Home\\Buchberger\\.lake\\packages\\UnicodeBasic\\.lake\\build\\lib\\lean;C:\\Users\\Home\\Buchberger\\.lake\\packages\\Cli\\.lake\\build\\lib\\lean;C:\\Users\\Home\\Buchberger\\.lake\\packages\\mathlib\\.lake\\build\\lib\\lean;C:\\Users\\Home\\Buchberger\\.lake\\packages\\checkdecls\\.lake\\build\\lib\\lean;C:\\Users\\Home\\Buchberger\\.lake\\packages\\doc-gen4\\.lake\\build\\lib\\lean;C:\\Users\\Home\\Buchberger\\.lake\\build\\lib\\lean c:\\Users\\Home\\.elan\\toolchains\\leanprover--lean4---v4.22.0-rc3\\bin\\lean.exe C:\\Users\\Home\\Buchberger\\Buchberger\\Order.lean -o C:\\Users\\Home\\Buchberger\\.lake\\build\\lib\\lean\\Buchberger\\Order.olean -i C:\\Users\\Home\\Buchberger\\.lake\\build\\lib\\lean\\Buchberger\\Order.ilean -c C:\\Users\\Home\\Buchberger\\.lake\\build\\ir\\Buchberger\\Order.c --setup C:\\Users\\Home\\Buchberger\\.lake\\build\\ir\\Buchberger\\Order.setup.json --json",
   "level": "trace"},
  {"message":
   "Buchberger/Order.lean:143:21: This simp argument is unused:\n  hγS\n\nHint: Omit it from the simp argument list.\n  simp [B,̵ ̵h̵γ̵S̵]\n\nNote: This linter can be disabled with `set_option linter.unusedSimpArgs false`",
   "level": "warning"},
  {"message":
   "Buchberger/Order.lean:154:23: This simp argument is unused:\n  AntisymmRel\n\nHint: Omit it from the simp argument list.\n  simp only ̵[̵A̵n̵t̵i̵s̵y̵m̵m̵R̵e̵l̵]̵\n\nNote: This linter can be disabled with `set_option linter.unusedSimpArgs false`",
   "level": "warning"}],
 "inputs":
 [["Buchberger.Order:deps",
   [["deps",
     [["Buchberger/Buchberger:extraDep", [["@Buchberger:extraDep", "1723"]]],
      ["import oleans",
       [["Mathlib.Order.WellQuasiOrder:olean",
         [["Mathlib.Order.WellQuasiOrder:deps", "13690863785211417733"],
          ["C:\\Users\\Home\\Buchberger\\.lake\\packages\\mathlib\\.lake\\build\\lib\\lean\\Mathlib\\Order\\WellQuasiOrder.olean",
           "2352458833612617117"]]],
        ["Mathlib.Order.Defs.Unbundled:olean",
         [["Mathlib.Order.Defs.Unbundled:deps", "16019411389371013162"],
          ["C:\\Users\\Home\\Buchberger\\.lake\\packages\\mathlib\\.lake\\build\\lib\\lean\\Mathlib\\Order\\Defs\\Unbundled.olean",
           "10722112067565327858"]]],
        ["Mathlib.Data.Set.Card:olean",
         [["Mathlib.Data.Set.Card:deps", "8574707890077423357"],
          ["C:\\Users\\Home\\Buchberger\\.lake\\packages\\mathlib\\.lake\\build\\lib\\lean\\Mathlib\\Data\\Set\\Card.olean",
           "14437466459347316247"]]]]]]],
    ["libs",
     [["import dynlibs", "1723"],
      ["package external libraries", "1723"],
      ["module dynlibs", "1723"],
      ["module plugins", "1723"]]]]],
  ["Lean 4.22.0, commit 7c3ca70e29a0806bd4bfc62eae7084bbaf1a303d",
   "9260997535251950019"],
  ["C:\\Users\\Home\\Buchberger\\Buchberger\\Order.lean",
   "4324442520840792032"],
  ["options",
   [["-Dpp.unicode.fun=true", "11210593074386665387"],
    ["-DautoImplicit=false", "5369888039164004816"]]],
  ["Module.leanArgs: #[]", "1723"]],
 "depHash": "5794996064188576381"}